# Logfile created on Wed Jun 17 23:24:28 +0200 2009  [4;36;1mSQL (0.2ms)[0m   [0;1mSET NAMES 'utf8'[0m
  [4;35;1mSQL (0.1ms)[0m   [0mSET SQL_AUTO_IS_NULL=0[0m


Processing ArtistsController#index (for 127.0.0.1 at 2009-06-17 23:27:43) [GET]
  Parameters: {"l"=>"ę"}
  [4;36;1mArtist Load (6.5ms)[0m   [0;1mSELECT * FROM `artists` WHERE (ucase(left(name, 1)) = 'ę') ORDER BY name[0m
Rendering template within layouts/application
Rendering artists/index
Rendered artists/_list (1.0ms)
Rendered layouts/_header (0.4ms)
Rendered layouts/_menu (0.7ms)
Rendered layouts/_footer (0.6ms)
Completed in 89ms (View: 22, DB: 7) | 200 OK [http://localhost/wykonawcy?l=%C4%99]
  [4;35;1mSQL (0.1ms)[0m   [0mSET NAMES 'utf8'[0m
  [4;36;1mSQL (0.1ms)[0m   [0;1mSET SQL_AUTO_IS_NULL=0[0m


Processing ArtistsController#index (for 127.0.0.1 at 2009-06-17 23:27:43) [GET]
  Parameters: {"l"=>"f"}
  [4;35;1mArtist Load (7.6ms)[0m   [0mSELECT * FROM `artists` WHERE (ucase(left(name, 1)) = 'f') ORDER BY name[0m
Rendering template within layouts/application
Rendering artists/index
  [4;36;1mArtist Columns (2.5ms)[0m   [0;1mSHOW FIELDS FROM `artists`[0m
  [4;35;1mAlbum Columns (2.3ms)[0m   [0mSHOW FIELDS FROM `albums`[0m
  [4;36;1mSQL (0.6ms)[0m   [0;1mSELECT count(*) AS count_all FROM `albums` WHERE (`albums`.artist_id = 591) [0m
  [4;35;1mSQL (0.7ms)[0m   [0mSELECT count(*) AS count_all FROM `albums` WHERE (`albums`.artist_id = 1254) [0m
  [4;36;1mSQL (0.6ms)[0m   [0;1mSELECT count(*) AS count_all FROM `albums` WHERE (`albums`.artist_id = 801) [0m
  [4;35;1mSQL (0.5ms)[0m   [0mSELECT count(*) AS count_all FROM `albums` WHERE (`albums`.artist_id = 1397) [0m
  [4;36;1mSQL (0.5ms)[0m   [0;1mSELECT count(*) AS count_all FROM `albums` WHERE (`albums`.artist_id = 236) [0m
  [4;35;1mSQL (0.5ms)[0m   [0mSELECT count(*) AS count_all FROM `albums` WHERE (`albums`.artist_id = 792) [0m
  [4;36;1mSQL (0.8ms)[0m   [0;1mSELECT count(*) AS count_all FROM `albums` WHERE (`albums`.artist_id = 779) [0m
  [4;35;1mSQL (0.6ms)[0m   [0mSELECT count(*) AS count_all FROM `albums` WHERE (`albums`.artist_id = 47) [0m
  [4;36;1mSQL (0.6ms)[0m   [0;1mSELECT count(*) AS count_all FROM `albums` WHERE (`albums`.artist_id = 40) [0m
  [4;35;1mSQL (1.0ms)[0m   [0mSELECT count(*) AS count_all FROM `albums` WHERE (`albums`.artist_id = 1154) [0m
  [4;36;1mSQL (0.5ms)[0m   [0;1mSELECT count(*) AS count_all FROM `albums` WHERE (`albums`.artist_id = 556) [0m
  [4;35;1mSQL (0.5ms)[0m   [0mSELECT count(*) AS count_all FROM `albums` WHERE (`albums`.artist_id = 1143) [0m
  [4;36;1mSQL (0.7ms)[0m   [0;1mSELECT count(*) AS count_all FROM `albums` WHERE (`albums`.artist_id = 606) [0m
  [4;35;1mSQL (0.6ms)[0m   [0mSELECT count(*) AS count_all FROM `albums` WHERE (`albums`.artist_id = 1022) [0m
  [4;36;1mSQL (0.6ms)[0m   [0;1mSELECT count(*) AS count_all FROM `albums` WHERE (`albums`.artist_id = 985) [0m
  [4;35;1mSQL (0.5ms)[0m   [0mSELECT count(*) AS count_all FROM `albums` WHERE (`albums`.artist_id = 165) [0m
  [4;36;1mSQL (0.5ms)[0m   [0;1mSELECT count(*) AS count_all FROM `albums` WHERE (`albums`.artist_id = 1356) [0m
  [4;35;1mSQL (0.5ms)[0m   [0mSELECT count(*) AS count_all FROM `albums` WHERE (`albums`.artist_id = 724) [0m
  [4;36;1mSQL (0.5ms)[0m   [0;1mSELECT count(*) AS count_all FROM `albums` WHERE (`albums`.artist_id = 690) [0m
  [4;35;1mSQL (0.7ms)[0m   [0mSELECT count(*) AS count_all FROM `albums` WHERE (`albums`.artist_id = 188) [0m
  [4;36;1mSQL (0.7ms)[0m   [0;1mSELECT count(*) AS count_all FROM `albums` WHERE (`albums`.artist_id = 1249) [0m
  [4;35;1mSQL (0.7ms)[0m   [0mSELECT count(*) AS count_all FROM `albums` WHERE (`albums`.artist_id = 443) [0m
  [4;36;1mSQL (0.5ms)[0m   [0;1mSELECT count(*) AS count_all FROM `albums` WHERE (`albums`.artist_id = 1461) [0m
  [4;35;1mSQL (0.5ms)[0m   [0mSELECT count(*) AS count_all FROM `albums` WHERE (`albums`.artist_id = 551) [0m
  [4;36;1mSQL (0.5ms)[0m   [0;1mSELECT count(*) AS count_all FROM `albums` WHERE (`albums`.artist_id = 88) [0m
  [4;35;1mSQL (0.8ms)[0m   [0mSELECT count(*) AS count_all FROM `albums` WHERE (`albums`.artist_id = 959) [0m
  [4;36;1mSQL (0.8ms)[0m   [0;1mSELECT count(*) AS count_all FROM `albums` WHERE (`albums`.artist_id = 1) [0m
  [4;35;1mSQL (1.2ms)[0m   [0mSELECT count(*) AS count_all FROM `albums` WHERE (`albums`.artist_id = 671) [0m
  [4;36;1mSQL (0.6ms)[0m   [0;1mSELECT count(*) AS count_all FROM `albums` WHERE (`albums`.artist_id = 527) [0m
  [4;35;1mSQL (0.5ms)[0m   [0mSELECT count(*) AS count_all FROM `albums` WHERE (`albums`.artist_id = 967) [0m
  [4;36;1mSQL (0.5ms)[0m   [0;1mSELECT count(*) AS count_all FROM `albums` WHERE (`albums`.artist_id = 31) [0m
  [4;35;1mSQL (0.5ms)[0m   [0mSELECT count(*) AS count_all FROM `albums` WHERE (`albums`.artist_id = 1363) [0m
  [4;36;1mSQL (0.7ms)[0m   [0;1mSELECT count(*) AS count_all FROM `albums` WHERE (`albums`.artist_id = 680) [0m
  [4;35;1mSQL (0.6ms)[0m   [0mSELECT count(*) AS count_all FROM `albums` WHERE (`albums`.artist_id = 215) [0m
  [4;36;1mSQL (0.6ms)[0m   [0;1mSELECT count(*) AS count_all FROM `albums` WHERE (`albums`.artist_id = 1041) [0m
  [4;35;1mSQL (0.5ms)[0m   [0mSELECT count(*) AS count_all FROM `albums` WHERE (`albums`.artist_id = 1473) [0m
  [4;36;1mSQL (0.5ms)[0m   [0;1mSELECT count(*) AS count_all FROM `albums` WHERE (`albums`.artist_id = 43) [0m
  [4;35;1mSQL (0.5ms)[0m   [0mSELECT count(*) AS count_all FROM `albums` WHERE (`albums`.artist_id = 1506) [0m
  [4;36;1mSQL (0.5ms)[0m   [0;1mSELECT count(*) AS count_all FROM `albums` WHERE (`albums`.artist_id = 685) [0m
  [4;35;1mSQL (0.5ms)[0m   [0mSELECT count(*) AS count_all FROM `albums` WHERE (`albums`.artist_id = 1044) [0m
  [4;36;1mSQL (0.7ms)[0m   [0;1mSELECT count(*) AS count_all FROM `albums` WHERE (`albums`.artist_id = 760) [0m
  [4;35;1mSQL (0.5ms)[0m   [0mSELECT count(*) AS count_all FROM `albums` WHERE (`albums`.artist_id = 491) [0m
Rendered artists/_list (130.9ms)
Rendered layouts/_header (0.1ms)
Rendered layouts/_menu (0.1ms)
Rendered layouts/_footer (0.2ms)
Completed in 153ms (View: 103, DB: 38) | 200 OK [http://localhost/wykonawcy?l=f]
