# Logfile created on Wed Jun 17 20:15:56 +0200 2009  [4;36;1mSQL (0.2ms)[0m   [0;1mSET NAMES 'utf8'[0m
  [4;35;1mSQL (0.1ms)[0m   [0mSET SQL_AUTO_IS_NULL=0[0m


Processing LabelsController#index (for 127.0.0.1 at 2009-06-17 20:16:03) [GET]
  Parameters: {"l"=>"b"}
  [4;36;1mLabel Load (78.0ms)[0m   [0;1mSELECT * FROM `labels` WHERE (ucase(left(name, 1)) = 'b') [0m
Rendering template within layouts/application
Rendering labels/index
  [4;35;1mLabel Columns (2.3ms)[0m   [0mSHOW FIELDS FROM `labels`[0m
  [4;36;1mAlbum Columns (2.0ms)[0m   [0;1mSHOW FIELDS FROM `albums`[0m
  [4;35;1mSQL (1.3ms)[0m   [0mSELECT count(*) AS count_all FROM `albums` WHERE (`albums`.label_id = 6) [0m
  [4;36;1mSQL (0.9ms)[0m   [0;1mSELECT count(*) AS count_all FROM `albums` WHERE (`albums`.label_id = 8) [0m
  [4;35;1mSQL (1.6ms)[0m   [0mSELECT count(*) AS count_all FROM `albums` WHERE (`albums`.label_id = 27) [0m
Rendered labels/_list (162.1ms)
Rendered layouts/_header (0.4ms)
Rendered layouts/_menu (0.8ms)
Rendered layouts/_footer (1.0ms)
Completed in 347ms (View: 182, DB: 86) | 200 OK [http://localhost/wytwornie?l=b]
  [4;36;1mSQL (0.1ms)[0m   [0;1mSET NAMES 'utf8'[0m
  [4;35;1mSQL (0.1ms)[0m   [0mSET SQL_AUTO_IS_NULL=0[0m


Processing ApplicationController#index (for 127.0.0.1 at 2009-06-17 20:16:03) [GET]
  Parameters: {"1244806832"=>nil}

ActionController::RoutingError (No route matches "/imgs/labels/8/small/" with {:method=>:get}):
  

Rendering rescues/layout (not_found)
  [4;36;1mSQL (0.1ms)[0m   [0;1mSET NAMES 'utf8'[0m
  [4;35;1mSQL (0.1ms)[0m   [0mSET SQL_AUTO_IS_NULL=0[0m


Processing ApplicationController#index (for 127.0.0.1 at 2009-06-17 20:16:03) [GET]
  Parameters: {"1244806832"=>nil}

ActionController::RoutingError (No route matches "/imgs/labels/27/small/" with {:method=>:get}):
  

Rendering rescues/layout (not_found)
